-------------------------------------------------------------------------------
Test set: com.accesshq.tests.PlanetTests
-------------------------------------------------------------------------------
Tests run: 3, Failures: 1, Errors: 0, Skipped: 0, Time elapsed: 25.562 s <<< FAILURE! - in com.accesshq.tests.PlanetTests
NeptuneFurthestDistanceTest  Time elapsed: 15.167 s  <<< FAILURE!
org.opentest4j.AssertionFailedError: expected: <Neptune> but was: <Uranus>
	at com.accesshq.tests.PlanetTests.NeptuneFurthestDistanceTest(PlanetTests.java:77)

