<?xml version="1.0" encoding="UTF-8"?>
<testsuite xmlns:xsi="http://www.w3.org/2001/XMLSchema-instance" xsi:noNamespaceSchemaLocation="https://maven.apache.org/surefire/maven-surefire-plugin/xsd/surefire-test-report.xsd" name="com.accesshq.tests.PlanetTests" time="12.021" tests="5" errors="0" skipped="0" failures="1">
  <properties>
[...]
</properties>
  <testcase name="FormsErrorMsgTest" classname="com.accesshq.tests.WebTests" time="5.682"/>
  <testcase name="FormsErrorMsgTest" classname="com.accesshq.tests.PlanetTests" time="5.862"/>
  <testcase name="NeptuneFurthestDistanceTest" classname="com.accesshq.tests.PlanetTests" time="5.869">
    <failure message="expected: &lt;Neptune&gt; but was: &lt;Uranus&gt;" type="org.opentest4j.AssertionFailedError"><![CDATA[org.opentest4j.AssertionFailedError: expected: <Neptune> but was: <Uranus>
	at com.accesshq.tests.PlanetTests.NeptuneFurthestDistanceTest(PlanetTests.java:77)
]]></failure>
  </testcase>
  <testcase name="JupiterDistanceTest" classname="com.accesshq.tests.PlanetTests" time="5.998"/>
  <testcase name="FormsSubmitPopUpTest" classname="com.accesshq.tests.PlanetTests" time="12.01"/>
</testsuite>